<?xml version="1.0" encoding="UTF-8"?>
<!-- Generated by org.testng.reporters.JUnitXMLReporter -->
<testsuite ignored="2" hostname="P1" failures="1" tests="2" name="Test" time="31.987" errors="0" timestamp="2025-11-16T17:19:09 IST">
  <testcase classname="comOrangeHrmTestlayer.LoginpageTest" name="verifywithcoreectcredt" time="5.435"/>
  <testcase classname="comOrangeHrmTestlayer.Dashboardtest" name="clickonoption" time="8.337">
    <failure type="java.lang.AssertionError" message="expected [https://opensource-demo.orangehrmlive.com/web/index.php/leave/viewLeaveList] but found [https://opensource-demo.orangehrmlive.com/web/index.php/auth/login]">
      <![CDATA[java.lang.AssertionError: expected [https://opensource-demo.orangehrmlive.com/web/index.php/leave/viewLeaveList] but found [https://opensource-demo.orangehrmlive.com/web/index.php/auth/login]
at comOrangeHrmTestlayer.Dashboardtest.clickonoption(Dashboardtest.java:20)
at java.base/java.util.ArrayList.forEach(ArrayList.java:1596)
... Removed 31 stack frames]]>
    </failure>
  </testcase> <!-- clickonoption -->
  <testcase classname="comOrangeHrmTestBase.TestBase" name="@AfterTest end" time="0.0">
    <ignored/>
  </testcase> <!-- @AfterTest end -->
  <testcase classname="comOrangeHrmTestBase.TestBase" name="@BeforeTest start" time="0.0">
    <ignored/>
  </testcase> <!-- @BeforeTest start -->
</testsuite> <!-- Test -->
