<?xml version="1.0" encoding="UTF-8"?>
<testng-results ignored="0" total="1" passed="1" failed="0" skipped="0">
  <reporter-output>
  </reporter-output>
  <suite started-at="2025-11-18T15:28:31 IST" name="Default suite" finished-at="2025-11-18T15:28:51 IST" duration-ms="20074">
    <groups>
    </groups>
    <test started-at="2025-11-18T15:28:31 IST" name="Default test" finished-at="2025-11-18T15:28:51 IST" duration-ms="20074">
      <class name="comOrangeHrmTestlayer.Leavelisttest">
        <test-method is-config="true" signature="start()[pri:0, instance:comOrangeHrmTestlayer.Leavelisttest@2aceadd4]" started-at="2025-11-18T15:28:31 IST" name="start" finished-at="2025-11-18T15:28:31 IST" duration-ms="136" status="PASS">
          <reporter-output>
          </reporter-output>
        </test-method> <!-- start -->
        <test-method is-config="true" signature="setUp(java.lang.String)[pri:0, instance:comOrangeHrmTestlayer.Leavelisttest@2aceadd4]" started-at="2025-11-18T15:28:31 IST" name="setUp" finished-at="2025-11-18T15:28:43 IST" duration-ms="11852" status="PASS">
          <params>
            <param index="0">
              <value>
                <![CDATA[chrome]]>
              </value>
            </param>
          </params>
          <reporter-output>
          </reporter-output>
        </test-method> <!-- setUp -->
        <test-method signature="leavelist()[pri:0, instance:comOrangeHrmTestlayer.Leavelisttest@2aceadd4]" started-at="2025-11-18T15:28:43 IST" name="leavelist" finished-at="2025-11-18T15:28:51 IST" duration-ms="8034" status="PASS">
          <reporter-output>
          </reporter-output>
        </test-method> <!-- leavelist -->
        <test-method is-config="true" signature="end()[pri:0, instance:comOrangeHrmTestlayer.Leavelisttest@2aceadd4]" started-at="2025-11-18T15:28:51 IST" name="end" finished-at="2025-11-18T15:28:51 IST" duration-ms="4" status="PASS">
          <reporter-output>
          </reporter-output>
        </test-method> <!-- end -->
      </class> <!-- comOrangeHrmTestlayer.Leavelisttest -->
    </test> <!-- Default test -->
  </suite> <!-- Default suite -->
</testng-results>
